This is pdfTeX, Version 3.141592653-2.6-1.40.23 (TeX Live 2021/W32TeX) (preloaded format=pdflatex 2021.10.28)  28 OCT 2021 14:40
entering extended mode
 restricted \write18 enabled.
 %&-line parsing enabled.
**SPC-book.tex
(./SPC-book.tex
LaTeX2e <2021-06-01> patch level 1
L3 programming layer <2021-10-18> (c:/Users/nilsk/AppData/Roaming/TinyTeX/texmf
-dist/tex/latex/base/book.cls
Document Class: book 2021/02/12 v1.4n Standard LaTeX document class
(c:/Users/nilsk/AppData/Roaming/TinyTeX/texmf-dist/tex/latex/base/bk10.clo
File: bk10.clo 2021/02/12 v1.4n Standard LaTeX file (size option)
)
\c@part=\count182
\c@chapter=\count183
\c@section=\count184
\c@subsection=\count185
\c@subsubsection=\count186
\c@paragraph=\count187
\c@subparagraph=\count188
\c@figure=\count189
\c@table=\count190
\abovecaptionskip=\skip47
\belowcaptionskip=\skip48
\bibindent=\dimen138
)
(c:/Users/nilsk/AppData/Roaming/TinyTeX/texmf-dist/tex/latex/amsmath/amsmath.st
y
Package: amsmath 2021/04/20 v2.17j AMS math features
\@mathmargin=\skip49
For additional information on amsmath, use the `?' option.

(c:/Users/nilsk/AppData/Roaming/TinyTeX/texmf-dist/tex/latex/amsmath/amstext.st
y
Package: amstext 2000/06/29 v2.01 AMS text

(c:/Users/nilsk/AppData/Roaming/TinyTeX/texmf-dist/tex/latex/amsmath/amsgen.sty
File: amsgen.sty 1999/11/30 v2.0 generic functions
\@emptytoks=\toks16
\ex@=\dimen139
))
(c:/Users/nilsk/AppData/Roaming/TinyTeX/texmf-dist/tex/latex/amsmath/amsbsy.sty
Package: amsbsy 1999/11/29 v1.2d Bold Symbols
\pmbraise@=\dimen140
)
(c:/Users/nilsk/AppData/Roaming/TinyTeX/texmf-dist/tex/latex/amsmath/amsopn.sty
Package: amsopn 2016/03/08 v2.02 operator names
)
\inf@bad=\count191
LaTeX Info: Redefining \frac on input line 234.
\uproot@=\count192
\leftroot@=\count193
LaTeX Info: Redefining \overline on input line 399.
\classnum@=\count194
\DOTSCASE@=\count195
LaTeX Info: Redefining \ldots on input line 496.
LaTeX Info: Redefining \dots on input line 499.
LaTeX Info: Redefining \cdots on input line 620.
\Mathstrutbox@=\box50
\strutbox@=\box51
\big@size=\dimen141
LaTeX Font Info:    Redeclaring font encoding OML on input line 743.
LaTeX Font Info:    Redeclaring font encoding OMS on input line 744.
\macc@depth=\count196
\c@MaxMatrixCols=\count197
\dotsspace@=\muskip16
\c@parentequation=\count198
\dspbrk@lvl=\count199
\tag@help=\toks17
\row@=\count266
\column@=\count267
\maxfields@=\count268
\andhelp@=\toks18
\eqnshift@=\dimen142
\alignsep@=\dimen143
\tagshift@=\dimen144
\tagwidth@=\dimen145
\totwidth@=\dimen146
\lineht@=\dimen147
\@envbody=\toks19
\multlinegap=\skip50
\multlinetaggap=\skip51
\mathdisplay@stack=\toks20
LaTeX Info: Redefining \[ on input line 2923.
LaTeX Info: Redefining \] on input line 2924.
)
(c:/Users/nilsk/AppData/Roaming/TinyTeX/texmf-dist/tex/latex/amsfonts/amssymb.s
ty
Package: amssymb 2013/01/14 v3.01 AMS font symbols

(c:/Users/nilsk/AppData/Roaming/TinyTeX/texmf-dist/tex/latex/amsfonts/amsfonts.
sty
Package: amsfonts 2013/01/14 v3.01 Basic AMSFonts support
\symAMSa=\mathgroup4
\symAMSb=\mathgroup5
LaTeX Font Info:    Redeclaring math symbol \hbar on input line 98.
LaTeX Font Info:    Overwriting math alphabet `\mathfrak' in version `bold'
(Font)                  U/euf/m/n --> U/euf/b/n on input line 106.
)) (c:/Users/nilsk/AppData/Roaming/TinyTeX/texmf-dist/tex/latex/lm/lmodern.sty
Package: lmodern 2015/05/01 v1.6.1 Latin Modern Fonts
LaTeX Font Info:    Overwriting symbol font `operators' in version `normal'
(Font)                  OT1/cmr/m/n --> OT1/lmr/m/n on input line 22.
LaTeX Font Info:    Overwriting symbol font `letters' in version `normal'
(Font)                  OML/cmm/m/it --> OML/lmm/m/it on input line 23.
LaTeX Font Info:    Overwriting symbol font `symbols' in version `normal'
(Font)                  OMS/cmsy/m/n --> OMS/lmsy/m/n on input line 24.
LaTeX Font Info:    Overwriting symbol font `largesymbols' in version `normal'
(Font)                  OMX/cmex/m/n --> OMX/lmex/m/n on input line 25.
LaTeX Font Info:    Overwriting symbol font `operators' in version `bold'
(Font)                  OT1/cmr/bx/n --> OT1/lmr/bx/n on input line 26.
LaTeX Font Info:    Overwriting symbol font `letters' in version `bold'
(Font)                  OML/cmm/b/it --> OML/lmm/b/it on input line 27.
LaTeX Font Info:    Overwriting symbol font `symbols' in version `bold'
(Font)                  OMS/cmsy/b/n --> OMS/lmsy/b/n on input line 28.
LaTeX Font Info:    Overwriting symbol font `largesymbols' in version `bold'
(Font)                  OMX/cmex/m/n --> OMX/lmex/m/n on input line 29.
LaTeX Font Info:    Overwriting math alphabet `\mathbf' in version `normal'
(Font)                  OT1/cmr/bx/n --> OT1/lmr/bx/n on input line 31.
LaTeX Font Info:    Overwriting math alphabet `\mathsf' in version `normal'
(Font)                  OT1/cmss/m/n --> OT1/lmss/m/n on input line 32.
LaTeX Font Info:    Overwriting math alphabet `\mathit' in version `normal'
(Font)                  OT1/cmr/m/it --> OT1/lmr/m/it on input line 33.
LaTeX Font Info:    Overwriting math alphabet `\mathtt' in version `normal'
(Font)                  OT1/cmtt/m/n --> OT1/lmtt/m/n on input line 34.
LaTeX Font Info:    Overwriting math alphabet `\mathbf' in version `bold'
(Font)                  OT1/cmr/bx/n --> OT1/lmr/bx/n on input line 35.
LaTeX Font Info:    Overwriting math alphabet `\mathsf' in version `bold'
(Font)                  OT1/cmss/bx/n --> OT1/lmss/bx/n on input line 36.
LaTeX Font Info:    Overwriting math alphabet `\mathit' in version `bold'
(Font)                  OT1/cmr/bx/it --> OT1/lmr/bx/it on input line 37.
LaTeX Font Info:    Overwriting math alphabet `\mathtt' in version `bold'
(Font)                  OT1/cmtt/m/n --> OT1/lmtt/m/n on input line 38.
) (c:/Users/nilsk/AppData/Roaming/TinyTeX/texmf-dist/tex/generic/iftex/iftex.st
y
Package: iftex 2020/03/06 v1.0d TeX engine tests
) (c:/Users/nilsk/AppData/Roaming/TinyTeX/texmf-dist/tex/latex/base/fontenc.sty
Package: fontenc 2021/04/29 v2.0v Standard LaTeX package
LaTeX Font Info:    Trying to load font information for T1+lmr on input line 11
2.
(c:/Users/nilsk/AppData/Roaming/TinyTeX/texmf-dist/tex/latex/lm/t1lmr.fd
File: t1lmr.fd 2015/05/01 v1.6.1 Font defs for Latin Modern
)) (c:/Users/nilsk/AppData/Roaming/TinyTeX/texmf-dist/tex/latex/base/inputenc.s
ty
Package: inputenc 2021/02/14 v1.3d Input encoding file
\inpenc@prehook=\toks21
\inpenc@posthook=\toks22
) (c:/Users/nilsk/AppData/Roaming/TinyTeX/texmf-dist/tex/latex/base/textcomp.st
y
Package: textcomp 2020/02/02 v2.0n Standard LaTeX package
) (c:/Users/nilsk/AppData/Roaming/TinyTeX/texmf-dist/tex/latex/xcolor/xcolor.st
y
Package: xcolor 2016/05/11 v2.12 LaTeX color extensions (UK)

(c:/Users/nilsk/AppData/Roaming/TinyTeX/texmf-dist/tex/latex/graphics-cfg/color
.cfg
File: color.cfg 2016/01/02 v1.6 sample color configuration
)
Package xcolor Info: Driver file: pdftex.def on input line 225.

(c:/Users/nilsk/AppData/Roaming/TinyTeX/texmf-dist/tex/latex/graphics-def/pdfte
x.def
File: pdftex.def 2020/10/05 v1.2a Graphics/color driver for pdftex
)
Package xcolor Info: Model `cmy' substituted by `cmy0' on input line 1348.
Package xcolor Info: Model `hsb' substituted by `rgb' on input line 1352.
Package xcolor Info: Model `RGB' extended on input line 1364.
Package xcolor Info: Model `HTML' substituted by `rgb' on input line 1366.
Package xcolor Info: Model `Hsb' substituted by `hsb' on input line 1367.
Package xcolor Info: Model `tHsb' substituted by `hsb' on input line 1368.
Package xcolor Info: Model `HSB' substituted by `hsb' on input line 1369.
Package xcolor Info: Model `Gray' substituted by `gray' on input line 1370.
Package xcolor Info: Model `wave' substituted by `hsb' on input line 1371.
)
(c:/Users/nilsk/AppData/Roaming/TinyTeX/texmf-dist/tex/latex/hyperref/hyperref.
sty
Package: hyperref 2021-06-07 v7.00m Hypertext links for LaTeX

(c:/Users/nilsk/AppData/Roaming/TinyTeX/texmf-dist/tex/generic/ltxcmds/ltxcmds.
sty
Package: ltxcmds 2020-05-10 v1.25 LaTeX kernel commands for general use (HO)
)
(c:/Users/nilsk/AppData/Roaming/TinyTeX/texmf-dist/tex/generic/pdftexcmds/pdfte
xcmds.sty
Package: pdftexcmds 2020-06-27 v0.33 Utility functions of pdfTeX for LuaTeX (HO
)

(c:/Users/nilsk/AppData/Roaming/TinyTeX/texmf-dist/tex/generic/infwarerr/infwar
err.sty
Package: infwarerr 2019/12/03 v1.5 Providing info/warning/error messages (HO)
)
Package pdftexcmds Info: \pdf@primitive is available.
Package pdftexcmds Info: \pdf@ifprimitive is available.
Package pdftexcmds Info: \pdfdraftmode found.
)
(c:/Users/nilsk/AppData/Roaming/TinyTeX/texmf-dist/tex/latex/graphics/keyval.st
y
Package: keyval 2014/10/28 v1.15 key=value parser (DPC)
\KV@toks@=\toks23
)
(c:/Users/nilsk/AppData/Roaming/TinyTeX/texmf-dist/tex/generic/kvsetkeys/kvsetk
eys.sty
Package: kvsetkeys 2019/12/15 v1.18 Key value parser (HO)
)
(c:/Users/nilsk/AppData/Roaming/TinyTeX/texmf-dist/tex/generic/kvdefinekeys/kvd
efinekeys.sty
Package: kvdefinekeys 2019-12-19 v1.6 Define keys (HO)
)
(c:/Users/nilsk/AppData/Roaming/TinyTeX/texmf-dist/tex/generic/pdfescape/pdfesc
ape.sty
Package: pdfescape 2019/12/09 v1.15 Implements pdfTeX's escape features (HO)
)
(c:/Users/nilsk/AppData/Roaming/TinyTeX/texmf-dist/tex/latex/hycolor/hycolor.st
y
Package: hycolor 2020-01-27 v1.10 Color options for hyperref/bookmark (HO)
)
(c:/Users/nilsk/AppData/Roaming/TinyTeX/texmf-dist/tex/latex/letltxmacro/letltx
macro.sty
Package: letltxmacro 2019/12/03 v1.6 Let assignment for LaTeX macros (HO)
)
(c:/Users/nilsk/AppData/Roaming/TinyTeX/texmf-dist/tex/latex/auxhook/auxhook.st
y
Package: auxhook 2019-12-17 v1.6 Hooks for auxiliary files (HO)
)
(c:/Users/nilsk/AppData/Roaming/TinyTeX/texmf-dist/tex/latex/kvoptions/kvoption
s.sty
Package: kvoptions 2020-10-07 v3.14 Key value format for package options (HO)
)
\@linkdim=\dimen148
\Hy@linkcounter=\count269
\Hy@pagecounter=\count270

(c:/Users/nilsk/AppData/Roaming/TinyTeX/texmf-dist/tex/latex/hyperref/pd1enc.de
f
File: pd1enc.def 2021-06-07 v7.00m Hyperref: PDFDocEncoding definition (HO)
Now handling font encoding PD1 ...
... no UTF-8 mapping file for font encoding PD1
)
(c:/Users/nilsk/AppData/Roaming/TinyTeX/texmf-dist/tex/latex/hyperref/hyperref-
langpatches.def
File: hyperref-langpatches.def 2021-06-07 v7.00m Hyperref: patches for babel la
nguages
)
(c:/Users/nilsk/AppData/Roaming/TinyTeX/texmf-dist/tex/generic/intcalc/intcalc.
sty
Package: intcalc 2019/12/15 v1.3 Expandable calculations with integers (HO)
)
(c:/Users/nilsk/AppData/Roaming/TinyTeX/texmf-dist/tex/generic/etexcmds/etexcmd
s.sty
Package: etexcmds 2019/12/15 v1.7 Avoid name clashes with e-TeX commands (HO)
)
\Hy@SavedSpaceFactor=\count271

(c:/Users/nilsk/AppData/Roaming/TinyTeX/texmf-dist/tex/latex/hyperref/puenc.def
File: puenc.def 2021-06-07 v7.00m Hyperref: PDF Unicode definition (HO)
Now handling font encoding PU ...
... no UTF-8 mapping file for font encoding PU
)
Package hyperref Info: Option `unicode' set `true' on input line 4073.
Package hyperref Info: Hyper figures OFF on input line 4192.
Package hyperref Info: Link nesting OFF on input line 4197.
Package hyperref Info: Hyper index ON on input line 4200.
Package hyperref Info: Plain pages OFF on input line 4207.
Package hyperref Info: Backreferencing OFF on input line 4212.
Package hyperref Info: Implicit mode ON; LaTeX internals redefined.
Package hyperref Info: Bookmarks ON on input line 4445.
\c@Hy@tempcnt=\count272
(c:/Users/nilsk/AppData/Roaming/TinyTeX/texmf-dist/tex/latex/url/url.sty
\Urlmuskip=\muskip17
Package: url 2013/09/16  ver 3.4  Verb mode for urls, etc.
)
LaTeX Info: Redefining \url on input line 4804.
\XeTeXLinkMargin=\dimen149

(c:/Users/nilsk/AppData/Roaming/TinyTeX/texmf-dist/tex/generic/bitset/bitset.st
y
Package: bitset 2019/12/09 v1.3 Handle bit-vector datatype (HO)

(c:/Users/nilsk/AppData/Roaming/TinyTeX/texmf-dist/tex/generic/bigintcalc/bigin
tcalc.sty
Package: bigintcalc 2019/12/15 v1.5 Expandable calculations on big integers (HO
)
))
\Fld@menulength=\count273
\Field@Width=\dimen150
\Fld@charsize=\dimen151
Package hyperref Info: Hyper figures OFF on input line 6076.
Package hyperref Info: Link nesting OFF on input line 6081.
Package hyperref Info: Hyper index ON on input line 6084.
Package hyperref Info: backreferencing OFF on input line 6091.
Package hyperref Info: Link coloring OFF on input line 6096.
Package hyperref Info: Link coloring with OCG OFF on input line 6101.
Package hyperref Info: PDF/A mode OFF on input line 6106.
LaTeX Info: Redefining \ref on input line 6146.
LaTeX Info: Redefining \pageref on input line 6150.

(c:/Users/nilsk/AppData/Roaming/TinyTeX/texmf-dist/tex/latex/base/atbegshi-ltx.
sty
Package: atbegshi-ltx 2021/01/10 v1.0c Emulation of the original atbegshi
package with kernel methods
)
\Hy@abspage=\count274
\c@Item=\count275
\c@Hfootnote=\count276
)
Package hyperref Info: Driver (autodetected): hpdftex.

(c:/Users/nilsk/AppData/Roaming/TinyTeX/texmf-dist/tex/latex/hyperref/hpdftex.d
ef
File: hpdftex.def 2021-06-07 v7.00m Hyperref driver for pdfTeX

(c:/Users/nilsk/AppData/Roaming/TinyTeX/texmf-dist/tex/latex/base/atveryend-ltx
.sty
Package: atveryend-ltx 2020/08/19 v1.0a Emulation of the original atvery packag
e
with kernel methods
)
\Fld@listcount=\count277
\c@bookmark@seq@number=\count278

(c:/Users/nilsk/AppData/Roaming/TinyTeX/texmf-dist/tex/latex/rerunfilecheck/rer
unfilecheck.sty
Package: rerunfilecheck 2019/12/05 v1.9 Rerun checks for auxiliary files (HO)

(c:/Users/nilsk/AppData/Roaming/TinyTeX/texmf-dist/tex/generic/uniquecounter/un
iquecounter.sty
Package: uniquecounter 2019/12/15 v1.4 Provide unlimited unique counter (HO)
)
Package uniquecounter Info: New unique counter `rerunfilecheck' on input line 2
86.
)
\Hy@SectionHShift=\skip52
)
(c:/Users/nilsk/AppData/Roaming/TinyTeX/texmf-dist/tex/latex/fancyvrb/fancyvrb.
sty
Package: fancyvrb 2021/10/15 v3.9 verbatim text (tvz,hv)
\FV@CodeLineNo=\count279
\FV@InFile=\read2
\FV@TabBox=\box52
\c@FancyVerbLine=\count280
\FV@StepNumber=\count281
\FV@OutFile=\write3
) (c:/Users/nilsk/AppData/Roaming/TinyTeX/texmf-dist/tex/latex/framed/framed.st
y
Package: framed 2011/10/22 v 0.96: framed or shaded text with page breaks
\OuterFrameSep=\skip53
\fb@frw=\dimen152
\fb@frh=\dimen153
\FrameRule=\dimen154
\FrameSep=\dimen155
)
(c:/Users/nilsk/AppData/Roaming/TinyTeX/texmf-dist/tex/latex/tools/longtable.st
y
Package: longtable 2021-05-07 v4.16 Multi-page Table package (DPC)
\LTleft=\skip54
\LTright=\skip55
\LTpre=\skip56
\LTpost=\skip57
\LTchunksize=\count282
\LTcapwidth=\dimen156
\LT@head=\box53
\LT@firsthead=\box54
\LT@foot=\box55
\LT@lastfoot=\box56
\LT@gbox=\box57
\LT@cols=\count283
\LT@rows=\count284
\c@LT@tables=\count285
\c@LT@chunks=\count286
\LT@p@ftn=\toks24
)
(c:/Users/nilsk/AppData/Roaming/TinyTeX/texmf-dist/tex/latex/booktabs/booktabs.
sty
Package: booktabs 2020/01/12 v1.61803398 Publication quality tables
\heavyrulewidth=\dimen157
\lightrulewidth=\dimen158
\cmidrulewidth=\dimen159
\belowrulesep=\dimen160
\belowbottomsep=\dimen161
\aboverulesep=\dimen162
\abovetopsep=\dimen163
\cmidrulesep=\dimen164
\cmidrulekern=\dimen165
\defaultaddspace=\dimen166
\@cmidla=\count287
\@cmidlb=\count288
\@aboverulesep=\dimen167
\@belowrulesep=\dimen168
\@thisruleclass=\count289
\@lastruleclass=\count290
\@thisrulewidth=\dimen169
) (c:/Users/nilsk/AppData/Roaming/TinyTeX/texmf-dist/tex/latex/tools/array.sty
Package: array 2021/04/20 v2.5e Tabular extension package (FMi)
\col@sep=\dimen170
\ar@mcellbox=\box58
\extrarowheight=\dimen171
\NC@list=\toks25
\extratabsurround=\skip58
\backup@length=\skip59
\ar@cellbox=\box59
) (c:/Users/nilsk/AppData/Roaming/TinyTeX/texmf-dist/tex/latex/tools/calc.sty
Package: calc 2017/05/25 v4.3 Infix arithmetic (KKT,FJ)
\calc@Acount=\count291
\calc@Bcount=\count292
\calc@Adimen=\dimen172
\calc@Bdimen=\dimen173
\calc@Askip=\skip60
\calc@Bskip=\skip61
LaTeX Info: Redefining \setlength on input line 80.
LaTeX Info: Redefining \addtolength on input line 81.
\calc@Ccount=\count293
\calc@Cskip=\skip62
)
(c:/Users/nilsk/AppData/Roaming/TinyTeX/texmf-dist/tex/latex/etoolbox/etoolbox.
sty
Package: etoolbox 2020/10/05 v2.5k e-TeX tools for LaTeX (JAW)
\etb@tempcnta=\count294
)
(c:/Users/nilsk/AppData/Roaming/TinyTeX/texmf-dist/tex/latex/mdwtools/footnote.
sty
Package: footnote 1997/01/28 1.13 Save footnotes around boxes
\fn@notes=\box60
\fn@width=\dimen174
)
(c:/Users/nilsk/AppData/Roaming/TinyTeX/texmf-dist/tex/latex/graphics/graphicx.
sty
Package: graphicx 2020/12/05 v1.2c Enhanced LaTeX Graphics (DPC,SPQR)

(c:/Users/nilsk/AppData/Roaming/TinyTeX/texmf-dist/tex/latex/graphics/graphics.
sty
Package: graphics 2021/03/04 v1.4d Standard LaTeX Graphics (DPC,SPQR)
(c:/Users/nilsk/AppData/Roaming/TinyTeX/texmf-dist/tex/latex/graphics/trig.sty
Package: trig 2016/01/03 v1.10 sin cos tan (DPC)
)
(c:/Users/nilsk/AppData/Roaming/TinyTeX/texmf-dist/tex/latex/graphics-cfg/graph
ics.cfg
File: graphics.cfg 2016/06/04 v1.11 sample graphics configuration
)
Package graphics Info: Driver file: pdftex.def on input line 107.
)
\Gin@req@height=\dimen175
\Gin@req@width=\dimen176
)
(c:/Users/nilsk/AppData/Roaming/TinyTeX/texmf-dist/tex/latex/multirow/multirow.
sty
Package: multirow 2021/03/15 v2.8 Span multiple rows of a table
\multirow@colwidth=\skip63
\multirow@cntb=\count295
\multirow@dima=\skip64
\bigstrutjot=\dimen177
)
(c:/Users/nilsk/AppData/Roaming/TinyTeX/texmf-dist/tex/latex/tools/multicol.sty
Package: multicol 2019/12/09 v1.8y multicolumn formatting (FMi)
\c@tracingmulticols=\count296
\mult@box=\box61
\multicol@leftmargin=\dimen178
\c@unbalance=\count297
\c@collectmore=\count298
\doublecol@number=\count299
\multicoltolerance=\count300
\multicolpretolerance=\count301
\full@width=\dimen179
\page@free=\dimen180
\premulticols=\dimen181
\postmulticols=\dimen182
\multicolsep=\skip65
\multicolbaselineskip=\skip66
\partial@page=\box62
\last@line=\box63
\maxbalancingoverflow=\dimen183
\mult@rightbox=\box64
\mult@grightbox=\box65
\mult@gfirstbox=\box66
\mult@firstbox=\box67
\@tempa=\box68
\@tempa=\box69
\@tempa=\box70
\@tempa=\box71
\@tempa=\box72
\@tempa=\box73
\@tempa=\box74
\@tempa=\box75
\@tempa=\box76
\@tempa=\box77
\@tempa=\box78
\@tempa=\box79
\@tempa=\box80
\@tempa=\box81
\@tempa=\box82
\@tempa=\box83
\@tempa=\box84
\@tempa=\box85
\@tempa=\box86
\@tempa=\box87
\@tempa=\box88
\@tempa=\box89
\@tempa=\box90
\@tempa=\box91
\@tempa=\box92
\@tempa=\box93
\@tempa=\box94
\@tempa=\box95
\@tempa=\box96
\@tempa=\box97
\@tempa=\box98
\@tempa=\box99
\@tempa=\box100
\@tempa=\box101
\@tempa=\box102
\@tempa=\box103
\@tempa=\box104
\c@minrows=\count302
\c@columnbadness=\count303
\c@finalcolumnbadness=\count304
\last@try=\dimen184
\multicolovershoot=\dimen185
\multicolundershoot=\dimen186
\mult@nat@firstbox=\box105
\colbreak@box=\box106
\mc@col@check@num=\count305
)
(c:/Users/nilsk/AppData/Roaming/TinyTeX/texmf-dist/tex/latex/colortbl/colortbl.
sty
Package: colortbl 2020/01/04 v1.0e Color table columns (DPC)
\everycr=\toks26
\minrowclearance=\skip67
) (c:/Users/nilsk/AppData/Roaming/TinyTeX/texmf-dist/tex/latex/tools/hhline.sty
Package: hhline 2020/01/04 v2.04 Table rule package (DPC)
)
(c:/Users/nilsk/AppData/Roaming/TinyTeX/texmf-dist/tex/latex/wrapfig/wrapfig.st
y
\wrapoverhang=\dimen187
\WF@size=\dimen188
\c@WF@wrappedlines=\count306
\WF@box=\box107
\WF@everypar=\toks27
Package: wrapfig 2003/01/31  v 3.6
) (c:/Users/nilsk/AppData/Roaming/TinyTeX/texmf-dist/tex/latex/float/float.sty
Package: float 2001/11/08 v1.3d Float enhancements (AL)
\c@float@type=\count307
\float@exts=\toks28
\float@box=\box108
\@float@everytoks=\toks29
\@floatcapt=\box109
)
(c:/Users/nilsk/AppData/Roaming/TinyTeX/texmf-dist/tex/latex/pdflscape/pdflscap
e.sty
Package: pdflscape 2019/12/05 v0.12 Display of landscape pages in PDF (HO)

(c:/Users/nilsk/AppData/Roaming/TinyTeX/texmf-dist/tex/latex/graphics/lscape.st
y
Package: lscape 2020/05/28 v3.02 Landscape Pages (DPC)
)
Package pdflscape Info: Auto-detected driver: pdftex on input line 81.
) (c:/Users/nilsk/AppData/Roaming/TinyTeX/texmf-dist/tex/latex/tabu/tabu.sty
Package: tabu 2019/01/11 v2.9 - flexible LaTeX tabulars (FC+tabu-fixed)

(c:/Users/nilsk/AppData/Roaming/TinyTeX/texmf-dist/tex/latex/varwidth/varwidth.
sty
Package: varwidth 2009/03/30 ver 0.92;  Variable-width minipages
\@vwid@box=\box110
\sift@deathcycles=\count308
\@vwid@loff=\dimen189
\@vwid@roff=\dimen190
)
\c@taburow=\count309
\tabu@nbcols=\count310
\tabu@cnt=\count311
\tabu@Xcol=\count312
\tabu@alloc=\count313
\tabu@nested=\count314
\tabu@target=\dimen191
\tabu@spreadtarget=\dimen192
\tabu@naturalX=\dimen193
\tabucolX=\dimen194
\tabu@Xsum=\dimen195
\extrarowdepth=\dimen196
\abovetabulinesep=\dimen197
\belowtabulinesep=\dimen198
\tabustrutrule=\dimen199
\tabu@thebody=\toks30
\tabu@footnotes=\toks31
\tabu@box=\box111
\tabu@arstrutbox=\box112
\tabu@hleads=\box113
\tabu@vleads=\box114
\tabu@cellskip=\skip68
)
(c:/Users/nilsk/AppData/Roaming/TinyTeX/texmf-dist/tex/latex/threeparttable/thr
eeparttable.sty
Package: threeparttable 2003/06/13  v 3.0
\@tempboxb=\box115
)
(c:/Users/nilsk/AppData/Roaming/TinyTeX/texmf-dist/tex/latex/threeparttablex/th
reeparttablex.sty
Package: threeparttablex 2013/07/23 v0.3 by daleif

(c:/Users/nilsk/AppData/Roaming/TinyTeX/texmf-dist/tex/latex/environ/environ.st
y
Package: environ 2014/05/04 v0.3 A new way to define environments

(c:/Users/nilsk/AppData/Roaming/TinyTeX/texmf-dist/tex/latex/trimspaces/trimspa
ces.sty
Package: trimspaces 2009/09/17 v1.1 Trim spaces around a token list
))
\TPTL@width=\skip69
) (c:/Users/nilsk/AppData/Roaming/TinyTeX/texmf-dist/tex/generic/ulem/ulem.sty
\UL@box=\box116
\UL@hyphenbox=\box117
\UL@skip=\skip70
\UL@hook=\toks32
\UL@height=\dimen256
\UL@pe=\count315
\UL@pixel=\dimen257
\ULC@box=\box118
Package: ulem 2019/11/18
\ULdepth=\dimen258
)
(c:/Users/nilsk/AppData/Roaming/TinyTeX/texmf-dist/tex/latex/makecell/makecell.
sty
Package: makecell 2009/08/03 V0.1e Managing of Tab Column Heads and Cells
\rotheadsize=\dimen259
\c@nlinenum=\count316
\TeXr@lab=\toks33
)
\cslhangindent=\skip71
\csllabelwidth=\skip72

(c:/Users/nilsk/AppData/Roaming/TinyTeX/texmf-dist/tex/latex/l3backend/l3backen
d-pdftex.def
File: l3backend-pdftex.def 2021-10-18 L3 backend support: PDF output (pdfTeX)
\l__color_backend_stack_int=\count317
\l__pdf_internal_box=\box119
)
No file SPC-book.aux.
\openout1 = `SPC-book.aux'.

LaTeX Font Info:    Checking defaults for OML/cmm/m/it on input line 155.
LaTeX Font Info:    ... okay on input line 155.
LaTeX Font Info:    Checking defaults for OMS/cmsy/m/n on input line 155.
LaTeX Font Info:    ... okay on input line 155.
LaTeX Font Info:    Checking defaults for OT1/cmr/m/n on input line 155.
LaTeX Font Info:    ... okay on input line 155.
LaTeX Font Info:    Checking defaults for T1/cmr/m/n on input line 155.
LaTeX Font Info:    ... okay on input line 155.
LaTeX Font Info:    Checking defaults for TS1/cmr/m/n on input line 155.
LaTeX Font Info:    ... okay on input line 155.
LaTeX Font Info:    Checking defaults for OMX/cmex/m/n on input line 155.
LaTeX Font Info:    ... okay on input line 155.
LaTeX Font Info:    Checking defaults for U/cmr/m/n on input line 155.
LaTeX Font Info:    ... okay on input line 155.
LaTeX Font Info:    Checking defaults for PD1/pdf/m/n on input line 155.
LaTeX Font Info:    ... okay on input line 155.
LaTeX Font Info:    Checking defaults for PU/pdf/m/n on input line 155.
LaTeX Font Info:    ... okay on input line 155.

(c:/Users/nilsk/AppData/Roaming/TinyTeX/texmf-dist/tex/latex/epstopdf-pkg/epsto
pdf-base.sty
Package: epstopdf-base 2020-01-24 v2.11 Base part for package epstopdf
Package epstopdf-base Info: Redefining graphics rule for `.eps' on input line 4
85.

(c:/Users/nilsk/AppData/Roaming/TinyTeX/texmf-dist/tex/latex/latexconfig/epstop
df-sys.cfg
File: epstopdf-sys.cfg 2010/07/13 v1.3 Configuration of (r)epstopdf for TeX Liv
e
))
Package hyperref Info: Link coloring OFF on input line 155.

(c:/Users/nilsk/AppData/Roaming/TinyTeX/texmf-dist/tex/latex/hyperref/nameref.s
ty
Package: nameref 2021-04-02 v2.47 Cross-referencing by name of section

(c:/Users/nilsk/AppData/Roaming/TinyTeX/texmf-dist/tex/latex/refcount/refcount.
sty
Package: refcount 2019/12/15 v3.6 Data extraction from label references (HO)
)
(c:/Users/nilsk/AppData/Roaming/TinyTeX/texmf-dist/tex/generic/gettitlestring/g
ettitlestring.sty
Package: gettitlestring 2019/12/15 v1.6 Cleanup title references (HO)
)
\c@section@level=\count318
)
LaTeX Info: Redefining \ref on input line 155.
LaTeX Info: Redefining \pageref on input line 155.
LaTeX Info: Redefining \nameref on input line 155.
\@outlinefile=\write4
\openout4 = `SPC-book.out'.

LaTeX Font Info:    Trying to load font information for OT1+lmr on input line 1
57.
(c:/Users/nilsk/AppData/Roaming/TinyTeX/texmf-dist/tex/latex/lm/ot1lmr.fd
File: ot1lmr.fd 2015/05/01 v1.6.1 Font defs for Latin Modern
)
LaTeX Font Info:    Trying to load font information for OML+lmm on input line 1
57.
(c:/Users/nilsk/AppData/Roaming/TinyTeX/texmf-dist/tex/latex/lm/omllmm.fd
File: omllmm.fd 2015/05/01 v1.6.1 Font defs for Latin Modern
)
LaTeX Font Info:    Trying to load font information for OMS+lmsy on input line 
157.
(c:/Users/nilsk/AppData/Roaming/TinyTeX/texmf-dist/tex/latex/lm/omslmsy.fd
File: omslmsy.fd 2015/05/01 v1.6.1 Font defs for Latin Modern
)
LaTeX Font Info:    Trying to load font information for OMX+lmex on input line 
157.
(c:/Users/nilsk/AppData/Roaming/TinyTeX/texmf-dist/tex/latex/lm/omxlmex.fd
File: omxlmex.fd 2015/05/01 v1.6.1 Font defs for Latin Modern
)
LaTeX Font Info:    External font `lmex10' loaded for size
(Font)              <12> on input line 157.
LaTeX Font Info:    External font `lmex10' loaded for size
(Font)              <8> on input line 157.
LaTeX Font Info:    External font `lmex10' loaded for size
(Font)              <6> on input line 157.
LaTeX Font Info:    Trying to load font information for U+msa on input line 157
.
(c:/Users/nilsk/AppData/Roaming/TinyTeX/texmf-dist/tex/latex/amsfonts/umsa.fd
File: umsa.fd 2013/01/14 v3.01 AMS symbols A
)
LaTeX Font Info:    Trying to load font information for U+msb on input line 157
.
(c:/Users/nilsk/AppData/Roaming/TinyTeX/texmf-dist/tex/latex/amsfonts/umsb.fd
File: umsb.fd 2013/01/14 v3.01 AMS symbols B
) [1


{c:/Users/nilsk/AppData/Roaming/TinyTeX/texmf-var/fonts/map/pdftex/updmap/pdfte
x.map}] [2

]
\tf@toc=\write5
\openout5 = `SPC-book.toc'.

[3] [4

]
<SPC_front_cover.JPG, id=29, 388.47496pt x 248.10803pt>
File: SPC_front_cover.JPG Graphic file (type jpg)
<use SPC_front_cover.JPG>
Package pdftex.def Info: SPC_front_cover.JPG  used on input line 172.
(pdftex.def)             Requested size: 345.00066pt x 220.34222pt.
[5pdfTeX warning (ext4): destination with the same identifier (name{figure.0.1}
) has been already used, duplicate ignored
<argument> ...shipout:D \box_use:N \l_shipout_box 
                                                  \__shipout_drop_firstpage_...
l.179 ...r denne boka?}\label{hvorfor-denne-boka}}
                                                   <./SPC_front_cover.JPG>] [6

]
Chapter 1.
LaTeX Font Info:    External font `lmex10' loaded for size
(Font)              <10> on input line 190.
LaTeX Font Info:    External font `lmex10' loaded for size
(Font)              <7> on input line 190.
LaTeX Font Info:    External font `lmex10' loaded for size
(Font)              <5> on input line 190.
[7] [8] [9] [10]
Chapter 2.
<SPC-book_files/figure-latex/unnamed-chunk-1-1.pdf, id=95, 469.755pt x 325.215p
t>
File: SPC-book_files/figure-latex/unnamed-chunk-1-1.pdf Graphic file (type pdf)

<use SPC-book_files/figure-latex/unnamed-chunk-1-1.pdf>
Package pdftex.def Info: SPC-book_files/figure-latex/unnamed-chunk-1-1.pdf  use
d on input line 214.
(pdftex.def)             Requested size: 344.997pt x 238.84406pt.
[11

 <./SPC-book_files/figure-latex/unnamed-chunk-1-1.pdf>]
<SPC-book_files/figure-latex/unnamed-chunk-2-1.pdf, id=108, 469.755pt x 325.215
pt>
File: SPC-book_files/figure-latex/unnamed-chunk-2-1.pdf Graphic file (type pdf)

<use SPC-book_files/figure-latex/unnamed-chunk-2-1.pdf>
Package pdftex.def Info: SPC-book_files/figure-latex/unnamed-chunk-2-1.pdf  use
d on input line 220.
(pdftex.def)             Requested size: 344.997pt x 238.84406pt.
<SPC-book_files/figure-latex/unnamed-chunk-3-1.pdf, id=109, 469.755pt x 325.215
pt>
File: SPC-book_files/figure-latex/unnamed-chunk-3-1.pdf Graphic file (type pdf)

<use SPC-book_files/figure-latex/unnamed-chunk-3-1.pdf>
Package pdftex.def Info: SPC-book_files/figure-latex/unnamed-chunk-3-1.pdf  use
d on input line 228.
(pdftex.def)             Requested size: 344.997pt x 238.84406pt.
[12pdfTeX warning (ext4): destination with the same identifier (name{figure.2.1
}) has been already used, duplicate ignored
<argument> ...shipout:D \box_use:N \l_shipout_box 
                                                  \__shipout_drop_firstpage_...
l.235 
       <./SPC-book_files/figure-latex/unnamed-chunk-2-1.pdf>]
<SPC-book_files/figure-latex/unnamed-chunk-4-1.pdf, id=121, 469.755pt x 325.215
pt>
File: SPC-book_files/figure-latex/unnamed-chunk-4-1.pdf Graphic file (type pdf)

<use SPC-book_files/figure-latex/unnamed-chunk-4-1.pdf>
Package pdftex.def Info: SPC-book_files/figure-latex/unnamed-chunk-4-1.pdf  use
d on input line 243.
(pdftex.def)             Requested size: 344.997pt x 238.84406pt.
[13pdfTeX warning (ext4): destination with the same identifier (name{figure.2.2
}) has been already used, duplicate ignored
<argument> ...shipout:D \box_use:N \l_shipout_box 
                                                  \__shipout_drop_firstpage_...
l.245 \end{figure}
                   <./SPC-book_files/figure-latex/unnamed-chunk-3-1.pdf>] [14pd
fTeX warning (ext4): destination with the same identifier (name{figure.2.3}) ha
s been already used, duplicate ignored
<argument> ...shipout:D \box_use:N \l_shipout_box 
                                                  \__shipout_drop_firstpage_...
l.250 \chapter{Variasjon}\label{variasjon}}
                                            <./SPC-book_files/figure-latex/unna
med-chunk-4-1.pdf>]
Chapter 3.
<trakteksp.png, id=150, 336.0555pt x 405.31425pt>
File: trakteksp.png Graphic file (type png)
<use trakteksp.png>
Package pdftex.def Info: trakteksp.png  used on input line 256.
(pdftex.def)             Requested size: 336.05467pt x 405.31326pt.
<trakteksp2.png, id=151, 260.77425pt x 312.56775pt>
File: trakteksp2.png Graphic file (type png)
<use trakteksp2.png>
Package pdftex.def Info: trakteksp2.png  used on input line 266.
(pdftex.def)             Requested size: 260.7736pt x 312.56697pt.
<trakteksp3.png, id=153, 394.47375pt x 253.54726pt>
File: trakteksp3.png Graphic file (type png)
<use trakteksp3.png>
Package pdftex.def Info: trakteksp3.png  used on input line 280.
(pdftex.def)             Requested size: 345.00116pt x 221.74883pt.
[15

] [16pdfTeX warning (ext4): destination with the same identifier (name{figure.3
.1}) has been already used, duplicate ignored
<argument> ...shipout:D \box_use:N \l_shipout_box 
                                                  \__shipout_drop_firstpage_...
l.285 
       <./trakteksp.png>] [17pdfTeX warning (ext4): destination with the same i
dentifier (name{figure.3.2}) has been already used, duplicate ignored
<argument> ...shipout:D \box_use:N \l_shipout_box 
                                                  \__shipout_drop_firstpage_...
l.285 
       <./trakteksp2.png>] [18pdfTeX warning (ext4): destination with the same 
identifier (name{figure.3.3}) has been already used, duplicate ignored
<argument> ...shipout:D \box_use:N \l_shipout_box 
                                                  \__shipout_drop_firstpage_...
l.293 S
       parks and Field (2000) beskriver regelen slik: ``At drop \emph{i} the...
 <./trakteksp3.png>]
<SPC-book_files/figure-latex/unnamed-chunk-6-1.pdf, id=178, 469.755pt x 325.215
pt>
File: SPC-book_files/figure-latex/unnamed-chunk-6-1.pdf Graphic file (type pdf)

<use SPC-book_files/figure-latex/unnamed-chunk-6-1.pdf>
Package pdftex.def Info: SPC-book_files/figure-latex/unnamed-chunk-6-1.pdf  use
d on input line 309.
(pdftex.def)             Requested size: 344.997pt x 238.84406pt.
<SPC-book_files/figure-latex/unnamed-chunk-8-1.pdf, id=180, 469.755pt x 325.215
pt>
File: SPC-book_files/figure-latex/unnamed-chunk-8-1.pdf Graphic file (type pdf)

<use SPC-book_files/figure-latex/unnamed-chunk-8-1.pdf>
Package pdftex.def Info: SPC-book_files/figure-latex/unnamed-chunk-8-1.pdf  use
d on input line 321.
(pdftex.def)             Requested size: 344.997pt x 238.84406pt.
[19]
<SPC-book_files/figure-latex/unnamed-chunk-10-1.pdf, id=191, 469.755pt x 325.21
5pt>
File: SPC-book_files/figure-latex/unnamed-chunk-10-1.pdf Graphic file (type pdf
)
<use SPC-book_files/figure-latex/unnamed-chunk-10-1.pdf>
Package pdftex.def Info: SPC-book_files/figure-latex/unnamed-chunk-10-1.pdf  us
ed on input line 331.
(pdftex.def)             Requested size: 344.997pt x 238.84406pt.
[20pdfTeX warning (ext4): destination with the same identifier (name{figure.3.4
}) has been already used, duplicate ignored
<argument> ...shipout:D \box_use:N \l_shipout_box 
                                                  \__shipout_drop_firstpage_...
l.339 V
       ariasjon kan være normal eller unormal. Med normal variasjon mener v...
 <./SPC-book_files/figure-latex/unnamed-chunk-6-1.pdf>]
<SPC-book_files/figure-latex/unnamed-chunk-11-1.pdf, id=202, 469.755pt x 325.21
5pt>
File: SPC-book_files/figure-latex/unnamed-chunk-11-1.pdf Graphic file (type pdf
)
<use SPC-book_files/figure-latex/unnamed-chunk-11-1.pdf>
Package pdftex.def Info: SPC-book_files/figure-latex/unnamed-chunk-11-1.pdf  us
ed on input line 347.
(pdftex.def)             Requested size: 344.997pt x 238.84406pt.
<SPC-book_files/figure-latex/unnamed-chunk-12-1.pdf, id=203, 469.755pt x 325.21
5pt>
File: SPC-book_files/figure-latex/unnamed-chunk-12-1.pdf Graphic file (type pdf
)
<use SPC-book_files/figure-latex/unnamed-chunk-12-1.pdf>
Package pdftex.def Info: SPC-book_files/figure-latex/unnamed-chunk-12-1.pdf  us
ed on input line 353.
(pdftex.def)             Requested size: 344.997pt x 238.84406pt.
[21pdfTeX warning (ext4): destination with the same identifier (name{figure.3.5
}) has been already used, duplicate ignored
<argument> ...shipout:D \box_use:N \l_shipout_box 
                                                  \__shipout_drop_firstpage_...
l.362 
       <./SPC-book_files/figure-latex/unnamed-chunk-8-1.pdf>]
<SPC-book_files/figure-latex/unnamed-chunk-13-1.pdf, id=214, 469.755pt x 325.21
5pt>
File: SPC-book_files/figure-latex/unnamed-chunk-13-1.pdf Graphic file (type pdf
)
<use SPC-book_files/figure-latex/unnamed-chunk-13-1.pdf>
Package pdftex.def Info: SPC-book_files/figure-latex/unnamed-chunk-13-1.pdf  us
ed on input line 367.
(pdftex.def)             Requested size: 344.997pt x 238.84406pt.
<SPC-book_files/figure-latex/unnamed-chunk-14-1.pdf, id=215, 469.755pt x 325.21
5pt>
File: SPC-book_files/figure-latex/unnamed-chunk-14-1.pdf Graphic file (type pdf
)
<use SPC-book_files/figure-latex/unnamed-chunk-14-1.pdf>
Package pdftex.def Info: SPC-book_files/figure-latex/unnamed-chunk-14-1.pdf  us
ed on input line 377.
(pdftex.def)             Requested size: 344.997pt x 238.84406pt.
[22pdfTeX warning (ext4): destination with the same identifier (name{figure.3.6
}) has been already used, duplicate ignored
<argument> ...shipout:D \box_use:N \l_shipout_box 
                                                  \__shipout_drop_firstpage_...
l.384 
       <./SPC-book_files/figure-latex/unnamed-chunk-10-1.pdf>]
<SPC-book_files/figure-latex/unnamed-chunk-16-1.pdf, id=226, 469.755pt x 325.21
5pt>
File: SPC-book_files/figure-latex/unnamed-chunk-16-1.pdf Graphic file (type pdf
)
<use SPC-book_files/figure-latex/unnamed-chunk-16-1.pdf>
Package pdftex.def Info: SPC-book_files/figure-latex/unnamed-chunk-16-1.pdf  us
ed on input line 389.
(pdftex.def)             Requested size: 344.997pt x 238.84406pt.
<SPC-book_files/figure-latex/unnamed-chunk-17-1.pdf, id=227, 469.755pt x 325.21
5pt>
File: SPC-book_files/figure-latex/unnamed-chunk-17-1.pdf Graphic file (type pdf
)
<use SPC-book_files/figure-latex/unnamed-chunk-17-1.pdf>
Package pdftex.def Info: SPC-book_files/figure-latex/unnamed-chunk-17-1.pdf  us
ed on input line 397.
(pdftex.def)             Requested size: 344.997pt x 238.84406pt.
[23pdfTeX warning (ext4): destination with the same identifier (name{figure.3.7
}) has been already used, duplicate ignored
<argument> ...shipout:D \box_use:N \l_shipout_box 
                                                  \__shipout_drop_firstpage_...
l.404 
       <./SPC-book_files/figure-latex/unnamed-chunk-11-1.pdf>]
Overfull \hbox (356.88268pt too wide) in alignment at lines 429--463
 [] [] [] 
 []


Package longtable Warning: Column widths have changed
(longtable)                in table 3.1 on input line 463.

[24pdfTeX warning (ext4): destination with the same identifier (name{figure.3.8
}) has been already used, duplicate ignored
<argument> ...shipout:D \box_use:N \l_shipout_box 
                                                  \__shipout_drop_firstpage_...
l.463 \end{longtable}
                      <./SPC-book_files/figure-latex/unnamed-chunk-12-1.pdf>]
<nolan_provost.png, id=249, 247.032pt x 150.7815pt>
File: nolan_provost.png Graphic file (type png)
<use nolan_provost.png>
Package pdftex.def Info: nolan_provost.png  used on input line 471.
(pdftex.def)             Requested size: 247.03139pt x 150.78111pt.
[25] [26pdfTeX warning (ext4): destination with the same identifier (name{figur
e.3.9}) has been already used, duplicate ignored
<argument> ...shipout:D \box_use:N \l_shipout_box 
                                                  \__shipout_drop_firstpage_...
l.478 ...ger}\label{datatyper-og-datafordelinger}}
                                                   <./SPC-book_files/figure-lat
ex/unnamed-chunk-13-1.pdf>] [27pdfTeX warning (ext4): destination with the same
 identifier (name{figure.3.10}) has been already used, duplicate ignored
<argument> ...shipout:D \box_use:N \l_shipout_box 
                                                  \__shipout_drop_firstpage_...
l.478 ...ger}\label{datatyper-og-datafordelinger}}
                                                   <./SPC-book_files/figure-lat
ex/unnamed-chunk-14-1.pdf>] [28pdfTeX warning (ext4): destination with the same
 identifier (name{figure.3.11}) has been already used, duplicate ignored
<argument> ...shipout:D \box_use:N \l_shipout_box 
                                                  \__shipout_drop_firstpage_...
l.478 ...ger}\label{datatyper-og-datafordelinger}}
                                                   <./SPC-book_files/figure-lat
ex/unnamed-chunk-16-1.pdf>] [29pdfTeX warning (ext4): destination with the same
 identifier (name{figure.3.12}) has been already used, duplicate ignored
<argument> ...shipout:D \box_use:N \l_shipout_box 
                                                  \__shipout_drop_firstpage_...
l.478 ...ger}\label{datatyper-og-datafordelinger}}
                                                  pdfTeX warning (ext4): destin
ation with the same identifier (name{figure.3.13}) has been already used, dupli
cate ignored
<argument> ...shipout:D \box_use:N \l_shipout_box 
                                                  \__shipout_drop_firstpage_...
l.478 ...ger}\label{datatyper-og-datafordelinger}}
                                                   <./SPC-book_files/figure-lat
ex/unnamed-chunk-17-1.pdf> <./nolan_provost.png>] [30

]
Chapter 4.

Underfull \hbox (badness 2744) in paragraph at lines 488--489
[]\T1/lmr/m/n/10 Fordelingene -- nor-mal-fordel-ing, bi-no-mi-al-fordel-ing, Po
is-sion-fordel-ing, ge-
 []

[31]
<Flytdiagram_valg.png, id=312, 421.3341pt x 291.489pt>
File: Flytdiagram_valg.png Graphic file (type png)
<use Flytdiagram_valg.png>
Package pdftex.def Info: Flytdiagram_valg.png  used on input line 492.
(pdftex.def)             Requested size: 345.01402pt x 238.68893pt.
<SPC-book_files/figure-latex/unnamed-chunk-19-1.pdf, id=313, 469.755pt x 325.21
5pt>
File: SPC-book_files/figure-latex/unnamed-chunk-19-1.pdf Graphic file (type pdf
)
<use SPC-book_files/figure-latex/unnamed-chunk-19-1.pdf>
Package pdftex.def Info: SPC-book_files/figure-latex/unnamed-chunk-19-1.pdf  us
ed on input line 505.
(pdftex.def)             Requested size: 344.997pt x 238.84406pt.
[32pdfTeX warning (ext4): destination with the same identifier (name{figure.4.1
}) has been already used, duplicate ignored
<argument> ...shipout:D \box_use:N \l_shipout_box 
                                                  \__shipout_drop_firstpage_...
l.510 
       <./Flytdiagram_valg.png>]
<SPC-book_files/figure-latex/unnamed-chunk-20-1.pdf, id=321, 469.755pt x 325.21
5pt>
File: SPC-book_files/figure-latex/unnamed-chunk-20-1.pdf Graphic file (type pdf
)
<use SPC-book_files/figure-latex/unnamed-chunk-20-1.pdf>
Package pdftex.def Info: SPC-book_files/figure-latex/unnamed-chunk-20-1.pdf  us
ed on input line 513.
(pdftex.def)             Requested size: 344.997pt x 238.84406pt.
[33pdfTeX warning (ext4): destination with the same identifier (name{figure.4.2
}) has been already used, duplicate ignored
<argument> ...shipout:D \box_use:N \l_shipout_box 
                                                  \__shipout_drop_firstpage_...
l.521 E
       n normalfordeling er en sannsynlighetsfunksjon der flesteparten av ve...
 <./SPC-book_files/figure-latex/unnamed-chunk-19-1.pdf>]
<SPC-book_files/figure-latex/unnamed-chunk-21-1.pdf, id=333, 469.755pt x 325.21
5pt>
File: SPC-book_files/figure-latex/unnamed-chunk-21-1.pdf Graphic file (type pdf
)
<use SPC-book_files/figure-latex/unnamed-chunk-21-1.pdf>
Package pdftex.def Info: SPC-book_files/figure-latex/unnamed-chunk-21-1.pdf  us
ed on input line 527.
(pdftex.def)             Requested size: 344.997pt x 238.84406pt.
<SPC-book_files/figure-latex/unnamed-chunk-22-1.pdf, id=334, 469.755pt x 325.21
5pt>
File: SPC-book_files/figure-latex/unnamed-chunk-22-1.pdf Graphic file (type pdf
)
<use SPC-book_files/figure-latex/unnamed-chunk-22-1.pdf>
Package pdftex.def Info: SPC-book_files/figure-latex/unnamed-chunk-22-1.pdf  us
ed on input line 535.
(pdftex.def)             Requested size: 344.997pt x 238.84406pt.
<SPC-book_files/figure-latex/unnamed-chunk-23-1.pdf, id=335, 469.755pt x 325.21
5pt>
File: SPC-book_files/figure-latex/unnamed-chunk-23-1.pdf Graphic file (type pdf
)
<use SPC-book_files/figure-latex/unnamed-chunk-23-1.pdf>
Package pdftex.def Info: SPC-book_files/figure-latex/unnamed-chunk-23-1.pdf  us
ed on input line 543.
(pdftex.def)             Requested size: 344.997pt x 238.84406pt.
[34pdfTeX warning (ext4): destination with the same identifier (name{figure.4.3
}) has been already used, duplicate ignored
<argument> ...shipout:D \box_use:N \l_shipout_box 
                                                  \__shipout_drop_firstpage_...
l.548 
       <./SPC-book_files/figure-latex/unnamed-chunk-20-1.pdf>] [35pdfTeX warnin
g (ext4): destination with the same identifier (name{figure.4.4}) has been alre
ady used, duplicate ignored
<argument> ...shipout:D \box_use:N \l_shipout_box 
                                                  \__shipout_drop_firstpage_...
l.557 
       <./SPC-book_files/figure-latex/unnamed-chunk-21-1.pdf>] [36pdfTeX warnin
g (ext4): destination with the same identifier (name{figure.4.5}) has been alre
ady used, duplicate ignored
<argument> ...shipout:D \box_use:N \l_shipout_box 
                                                  \__shipout_drop_firstpage_...
l.629 
       <./SPC-book_files/figure-latex/unnamed-chunk-22-1.pdf>]
<SPC-book_files/figure-latex/unnamed-chunk-25-1.pdf, id=372, 469.755pt x 325.21
5pt>
File: SPC-book_files/figure-latex/unnamed-chunk-25-1.pdf Graphic file (type pdf
)
<use SPC-book_files/figure-latex/unnamed-chunk-25-1.pdf>
Package pdftex.def Info: SPC-book_files/figure-latex/unnamed-chunk-25-1.pdf  us
ed on input line 639.
(pdftex.def)             Requested size: 344.997pt x 238.84406pt.

Underfull \vbox (badness 10000) has occurred while \output is active []

[37pdfTeX warning (ext4): destination with the same identifier (name{figure.4.6
}) has been already used, duplicate ignored
<argument> ...shipout:D \box_use:N \l_shipout_box 
                                                  \__shipout_drop_firstpage_...
l.641 \end{figure}
                   <./SPC-book_files/figure-latex/unnamed-chunk-23-1.pdf>]
<SPC-book_files/figure-latex/unnamed-chunk-26-1.pdf, id=385, 469.755pt x 325.21
5pt>
File: SPC-book_files/figure-latex/unnamed-chunk-26-1.pdf Graphic file (type pdf
)
<use SPC-book_files/figure-latex/unnamed-chunk-26-1.pdf>
Package pdftex.def Info: SPC-book_files/figure-latex/unnamed-chunk-26-1.pdf  us
ed on input line 647.
(pdftex.def)             Requested size: 344.997pt x 238.84406pt.
<SPC-book_files/figure-latex/unnamed-chunk-27-1.pdf, id=387, 469.755pt x 325.21
5pt>
File: SPC-book_files/figure-latex/unnamed-chunk-27-1.pdf Graphic file (type pdf
)
<use SPC-book_files/figure-latex/unnamed-chunk-27-1.pdf>
Package pdftex.def Info: SPC-book_files/figure-latex/unnamed-chunk-27-1.pdf  us
ed on input line 655.
(pdftex.def)             Requested size: 344.997pt x 238.84406pt.
<SPC-book_files/figure-latex/unnamed-chunk-28-1.pdf, id=389, 469.755pt x 325.21
5pt>
File: SPC-book_files/figure-latex/unnamed-chunk-28-1.pdf Graphic file (type pdf
)
<use SPC-book_files/figure-latex/unnamed-chunk-28-1.pdf>
Package pdftex.def Info: SPC-book_files/figure-latex/unnamed-chunk-28-1.pdf  us
ed on input line 665.
(pdftex.def)             Requested size: 344.997pt x 238.84406pt.
[38pdfTeX warning (ext4): destination with the same identifier (name{figure.4.7
}) has been already used, duplicate ignored
<argument> ...shipout:D \box_use:N \l_shipout_box 
                                                  \__shipout_drop_firstpage_...
l.670 
       <./SPC-book_files/figure-latex/unnamed-chunk-25-1.pdf>] [39pdfTeX warnin
g (ext4): destination with the same identifier (name{figure.4.8}) has been alre
ady used, duplicate ignored
<argument> ...shipout:D \box_use:N \l_shipout_box 
                                                  \__shipout_drop_firstpage_...
l.675 
       <./SPC-book_files/figure-latex/unnamed-chunk-26-1.pdf>]
<SPC-book_files/figure-latex/unnamed-chunk-29-1.pdf, id=420, 469.755pt x 325.21
5pt>
File: SPC-book_files/figure-latex/unnamed-chunk-29-1.pdf Graphic file (type pdf
)
<use SPC-book_files/figure-latex/unnamed-chunk-29-1.pdf>
Package pdftex.def Info: SPC-book_files/figure-latex/unnamed-chunk-29-1.pdf  us
ed on input line 678.
(pdftex.def)             Requested size: 344.997pt x 238.84406pt.
<SPC-book_files/figure-latex/unnamed-chunk-30-1.pdf, id=421, 469.755pt x 325.21
5pt>
File: SPC-book_files/figure-latex/unnamed-chunk-30-1.pdf Graphic file (type pdf
)
<use SPC-book_files/figure-latex/unnamed-chunk-30-1.pdf>
Package pdftex.def Info: SPC-book_files/figure-latex/unnamed-chunk-30-1.pdf  us
ed on input line 688.
(pdftex.def)             Requested size: 344.997pt x 238.84406pt.
[40pdfTeX warning (ext4): destination with the same identifier (name{figure.4.9
}) has been already used, duplicate ignored
<argument> ...shipout:D \box_use:N \l_shipout_box 
                                                  \__shipout_drop_firstpage_...
l.695 
       <./SPC-book_files/figure-latex/unnamed-chunk-27-1.pdf>]
<SPC-book_files/figure-latex/unnamed-chunk-31-1.pdf, id=432, 469.755pt x 325.21
5pt>
File: SPC-book_files/figure-latex/unnamed-chunk-31-1.pdf Graphic file (type pdf
)
<use SPC-book_files/figure-latex/unnamed-chunk-31-1.pdf>
Package pdftex.def Info: SPC-book_files/figure-latex/unnamed-chunk-31-1.pdf  us
ed on input line 698.
(pdftex.def)             Requested size: 344.997pt x 238.84406pt.
<SPC-book_files/figure-latex/unnamed-chunk-32-1.pdf, id=433, 469.755pt x 325.21
5pt>
File: SPC-book_files/figure-latex/unnamed-chunk-32-1.pdf Graphic file (type pdf
)
<use SPC-book_files/figure-latex/unnamed-chunk-32-1.pdf>
Package pdftex.def Info: SPC-book_files/figure-latex/unnamed-chunk-32-1.pdf  us
ed on input line 706.
(pdftex.def)             Requested size: 344.997pt x 238.84406pt.
LaTeX Font Info:    Trying to load font information for T1+lmtt on input line 7
14.
(c:/Users/nilsk/AppData/Roaming/TinyTeX/texmf-dist/tex/latex/lm/t1lmtt.fd
File: t1lmtt.fd 2015/05/01 v1.6.1 Font defs for Latin Modern
) [41pdfTeX warning (ext4): destination with the same identifier (name{figure.4
.10}) has been already used, duplicate ignored
<argument> ...shipout:D \box_use:N \l_shipout_box 
                                                  \__shipout_drop_firstpage_...
l.722 \begin{verbatim}
                       <./SPC-book_files/figure-latex/unnamed-chunk-28-1.pdf>] 
[42pdfTeX warning (ext4): destination with the same identifier (name{figure.4.1
1}) has been already used, duplicate ignored
<argument> ...shipout:D \box_use:N \l_shipout_box 
                                                  \__shipout_drop_firstpage_...
l.747 
       <./SPC-book_files/figure-latex/unnamed-chunk-29-1.pdf>]
<SPC-book_files/figure-latex/unnamed-chunk-37-1.pdf, id=457, 469.755pt x 325.21
5pt>
File: SPC-book_files/figure-latex/unnamed-chunk-37-1.pdf Graphic file (type pdf
)
<use SPC-book_files/figure-latex/unnamed-chunk-37-1.pdf>
Package pdftex.def Info: SPC-book_files/figure-latex/unnamed-chunk-37-1.pdf  us
ed on input line 750.
(pdftex.def)             Requested size: 344.997pt x 238.84406pt.
[43pdfTeX warning (ext4): destination with the same identifier (name{figure.4.1
2}) has been already used, duplicate ignored
<argument> ...shipout:D \box_use:N \l_shipout_box 
                                                  \__shipout_drop_firstpage_...
l.760 
       <./SPC-book_files/figure-latex/unnamed-chunk-30-1.pdf>]
<SPC-book_files/figure-latex/unnamed-chunk-38-1.pdf, id=472, 469.755pt x 325.21
5pt>
File: SPC-book_files/figure-latex/unnamed-chunk-38-1.pdf Graphic file (type pdf
)
<use SPC-book_files/figure-latex/unnamed-chunk-38-1.pdf>
Package pdftex.def Info: SPC-book_files/figure-latex/unnamed-chunk-38-1.pdf  us
ed on input line 765.
(pdftex.def)             Requested size: 344.997pt x 238.84406pt.
<SPC-book_files/figure-latex/unnamed-chunk-39-1.pdf, id=473, 469.755pt x 325.21
5pt>
File: SPC-book_files/figure-latex/unnamed-chunk-39-1.pdf Graphic file (type pdf
)
<use SPC-book_files/figure-latex/unnamed-chunk-39-1.pdf>
Package pdftex.def Info: SPC-book_files/figure-latex/unnamed-chunk-39-1.pdf  us
ed on input line 775.
(pdftex.def)             Requested size: 344.997pt x 238.84406pt.
LaTeX Font Info:    Trying to load font information for TS1+lmr on input line 7
84.
(c:/Users/nilsk/AppData/Roaming/TinyTeX/texmf-dist/tex/latex/lm/ts1lmr.fd
File: ts1lmr.fd 2015/05/01 v1.6.1 Font defs for Latin Modern
) [44pdfTeX warning (ext4): destination with the same identifier (name{figure.4
.13}) has been already used, duplicate ignored
<argument> ...shipout:D \box_use:N \l_shipout_box 
                                                  \__shipout_drop_firstpage_...
l.798 ...k fordeling}\label{geometrisk-fordeling}}
                                                   <./SPC-book_files/figure-lat
ex/unnamed-chunk-31-1.pdf>]
<SPC-book_files/figure-latex/unnamed-chunk-40-1.pdf, id=487, 469.755pt x 325.21
5pt>
File: SPC-book_files/figure-latex/unnamed-chunk-40-1.pdf Graphic file (type pdf
)
<use SPC-book_files/figure-latex/unnamed-chunk-40-1.pdf>
Package pdftex.def Info: SPC-book_files/figure-latex/unnamed-chunk-40-1.pdf  us
ed on input line 804.
(pdftex.def)             Requested size: 344.997pt x 238.84406pt.
[45pdfTeX warning (ext4): destination with the same identifier (name{figure.4.1
4}) has been already used, duplicate ignored
<argument> ...shipout:D \box_use:N \l_shipout_box 
                                                  \__shipout_drop_firstpage_...
l.810 D
       et kan være verdt å merke seg at binomial og geometrisk fordeling s...
 <./SPC-book_files/figure-latex/unnamed-chunk-32-1.pdf>] [46pdfTeX warning (ext
4): destination with the same identifier (name{figure.4.15}) has been already u
sed, duplicate ignored
<argument> ...shipout:D \box_use:N \l_shipout_box 
                                                  \__shipout_drop_firstpage_...
l.816 
       <./SPC-book_files/figure-latex/unnamed-chunk-37-1.pdf>]
<SPC-book_files/figure-latex/unnamed-chunk-41-1.pdf, id=515, 469.755pt x 325.21
5pt>
File: SPC-book_files/figure-latex/unnamed-chunk-41-1.pdf Graphic file (type pdf
)
<use SPC-book_files/figure-latex/unnamed-chunk-41-1.pdf>
Package pdftex.def Info: SPC-book_files/figure-latex/unnamed-chunk-41-1.pdf  us
ed on input line 819.
(pdftex.def)             Requested size: 344.997pt x 238.84406pt.
[47pdfTeX warning (ext4): destination with the same identifier (name{figure.4.1
6}) has been already used, duplicate ignored
<argument> ...shipout:D \box_use:N \l_shipout_box 
                                                  \__shipout_drop_firstpage_...
l.824 ...?}\label{er-dataene-dine-normalfordelte}}
                                                   <./SPC-book_files/figure-lat
ex/unnamed-chunk-38-1.pdf>] [48pdfTeX warning (ext4): destination with the same
 identifier (name{figure.4.17}) has been already used, duplicate ignored
<argument> ...shipout:D \box_use:N \l_shipout_box 
                                                  \__shipout_drop_firstpage_...
l.824 ...?}\label{er-dataene-dine-normalfordelte}}
                                                   <./SPC-book_files/figure-lat
ex/unnamed-chunk-39-1.pdf>] [49pdfTeX warning (ext4): destination with the same
 identifier (name{figure.4.18}) has been already used, duplicate ignored
<argument> ...shipout:D \box_use:N \l_shipout_box 
                                                  \__shipout_drop_firstpage_...
l.824 ...?}\label{er-dataene-dine-normalfordelte}}
                                                   <./SPC-book_files/figure-lat
ex/unnamed-chunk-40-1.pdf>] [50pdfTeX warning (ext4): destination with the same
 identifier (name{figure.4.19}) has been already used, duplicate ignored
<argument> ...shipout:D \box_use:N \l_shipout_box 
                                                  \__shipout_drop_firstpage_...
l.824 ...?}\label{er-dataene-dine-normalfordelte}}
                                                   <./SPC-book_files/figure-lat
ex/unnamed-chunk-41-1.pdf>]
Chapter 5.
[51

]
<SPC-book_files/figure-latex/unnamed-chunk-44-1.pdf, id=577, 469.755pt x 325.21
5pt>
File: SPC-book_files/figure-latex/unnamed-chunk-44-1.pdf Graphic file (type pdf
)
<use SPC-book_files/figure-latex/unnamed-chunk-44-1.pdf>
Package pdftex.def Info: SPC-book_files/figure-latex/unnamed-chunk-44-1.pdf  us
ed on input line 841.
(pdftex.def)             Requested size: 344.997pt x 238.84406pt.
[52pdfTeX warning (ext4): destination with the same identifier (name{figure.5.1
}) has been already used, duplicate ignored
<argument> ...shipout:D \box_use:N \l_shipout_box 
                                                  \__shipout_drop_firstpage_...
l.849 I
        det første eksempelet på avvik fra den helt klare normalfordelinge...
 <./SPC-book_files/figure-latex/unnamed-chunk-44-1.pdf>]
<SPC-book_files/figure-latex/unnamed-chunk-46-1.pdf, id=591, 469.755pt x 325.21
5pt>
File: SPC-book_files/figure-latex/unnamed-chunk-46-1.pdf Graphic file (type pdf
)
<use SPC-book_files/figure-latex/unnamed-chunk-46-1.pdf>
Package pdftex.def Info: SPC-book_files/figure-latex/unnamed-chunk-46-1.pdf  us
ed on input line 853.
(pdftex.def)             Requested size: 344.997pt x 238.84406pt.
<SPC-book_files/figure-latex/unnamed-chunk-48-1.pdf, id=592, 469.755pt x 325.21
5pt>
File: SPC-book_files/figure-latex/unnamed-chunk-48-1.pdf Graphic file (type pdf
)
<use SPC-book_files/figure-latex/unnamed-chunk-48-1.pdf>
Package pdftex.def Info: SPC-book_files/figure-latex/unnamed-chunk-48-1.pdf  us
ed on input line 863.
(pdftex.def)             Requested size: 344.997pt x 238.84406pt.
<SPC-book_files/figure-latex/unnamed-chunk-50-1.pdf, id=593, 469.755pt x 325.21
5pt>
File: SPC-book_files/figure-latex/unnamed-chunk-50-1.pdf Graphic file (type pdf
)
<use SPC-book_files/figure-latex/unnamed-chunk-50-1.pdf>
Package pdftex.def Info: SPC-book_files/figure-latex/unnamed-chunk-50-1.pdf  us
ed on input line 869.
(pdftex.def)             Requested size: 344.997pt x 238.84406pt.

Underfull \hbox (badness 10000) in paragraph at lines 869--871
[][]
 []

[53pdfTeX warning (ext4): destination with the same identifier (name{figure.5.2
}) has been already used, duplicate ignored
<argument> ...shipout:D \box_use:N \l_shipout_box 
                                                  \__shipout_drop_firstpage_...
l.871 
       <./SPC-book_files/figure-latex/unnamed-chunk-46-1.pdf>]
Underfull \vbox (badness 1038) has occurred while \output is active []

[54pdfTeX warning (ext4): destination with the same identifier (name{figure.5.3
}) has been already used, duplicate ignored
<argument> ...shipout:D \box_use:N \l_shipout_box 
                                                  \__shipout_drop_firstpage_...
l.871 
       <./SPC-book_files/figure-latex/unnamed-chunk-48-1.pdf> <./SPC-book_files
/figure-latex/unnamed-chunk-50-1.pdf>]
<SPC-book_files/figure-latex/unnamed-chunk-52-1.pdf, id=628, 469.755pt x 325.21
5pt>
File: SPC-book_files/figure-latex/unnamed-chunk-52-1.pdf Graphic file (type pdf
)
<use SPC-book_files/figure-latex/unnamed-chunk-52-1.pdf>
Package pdftex.def Info: SPC-book_files/figure-latex/unnamed-chunk-52-1.pdf  us
ed on input line 874.
(pdftex.def)             Requested size: 344.997pt x 238.84406pt.

Underfull \hbox (badness 10000) in paragraph at lines 874--876
[][]
 []

<SPC-book_files/figure-latex/unnamed-chunk-54-1.pdf, id=629, 469.755pt x 325.21
5pt>
File: SPC-book_files/figure-latex/unnamed-chunk-54-1.pdf Graphic file (type pdf
)
<use SPC-book_files/figure-latex/unnamed-chunk-54-1.pdf>
Package pdftex.def Info: SPC-book_files/figure-latex/unnamed-chunk-54-1.pdf  us
ed on input line 879.
(pdftex.def)             Requested size: 344.997pt x 238.84406pt.

Underfull \hbox (badness 10000) in paragraph at lines 879--881
[][]
 []


Underfull \vbox (badness 10000) has occurred while \output is active []

[55 <./SPC-book_files/figure-latex/unnamed-chunk-52-1.pdf>]

! LaTeX Error: File `https://vimeo.com/629254337' not found.

See the LaTeX manual or LaTeX Companion for explanation.
Type  H <return>  for immediate help.
 ...                                              
                                                  
l.897 ...ludegraphics{https://vimeo.com/629254337}
                                                  . Vi bruker det samme data...
 
Here is how much of TeX's memory you used:
 12718 strings out of 480539
 197477 string characters out of 5901136
 495662 words of memory out of 5000000
 29909 multiletter control sequences out of 15000+600000
 480790 words of font info for 78 fonts, out of 8000000 for 9000
 14 hyphenation exceptions out of 8191
 60i,8n,66p,2046b,503s stack positions out of 5000i,500n,10000p,200000b,80000s
!  ==> Fatal error occurred, no output PDF file produced!
